<?xml version="1.0" encoding="UTF-8"?><testrun name="runner (1)" project="SampleApp" tests="7" started="7" failures="0" errors="2" ignored="2">
  <testsuite name="runner.runner" time="18.611">
    <testsuite name="Feature: Filling in Forms and Recive and Email." time="18.611">
      <testsuite name="Scenario: Fill all forms and it shows the email message in the end." time="18.442" incomplete="true">
        <error>org.openqa.selenium.ElementNotInteractableException: element not interactable
  (Session info: chrome=92.0.4515.107)
Build info: version: '3.141.59', revision: 'e82be7d358', time: '2018-11-14T08:17:03'
System info: host: 'MacBook-de-Edgar-Webster.local', ip: '192.168.0.2', os.name: 'Mac OS X', os.arch: 'x86_64', os.version: '10.13.6', java.version: '1.8.0_151'
Driver info: org.openqa.selenium.chrome.ChromeDriver
Capabilities {acceptInsecureCerts: false, browserName: chrome, browserVersion: 92.0.4515.107, chrome: {chromedriverVersion: 92.0.4515.43 (8c61b7e2989f2..., userDataDir: /var/folders/n8/_l48t3px5xg...}, goog:chromeOptions: {debuggerAddress: localhost:50204}, javascriptEnabled: true, networkConnectionEnabled: false, pageLoadStrategy: normal, platform: MAC, platformName: MAC, proxy: Proxy(), setWindowRect: true, strictFileInteractability: false, timeouts: {implicit: 0, pageLoad: 300000, script: 30000}, unhandledPromptBehavior: dismiss and notify, webauthn:extension:credBlob: true, webauthn:extension:largeBlob: true, webauthn:virtualAuthenticators: true}
Session ID: 5eb31d8efd1bf893028ade8416e19498
	at sun.reflect.NativeConstructorAccessorImpl.newInstance0(Native Method)
	at sun.reflect.NativeConstructorAccessorImpl.newInstance(NativeConstructorAccessorImpl.java:62)
	at sun.reflect.DelegatingConstructorAccessorImpl.newInstance(DelegatingConstructorAccessorImpl.java:45)
	at java.lang.reflect.Constructor.newInstance(Constructor.java:423)
	at org.openqa.selenium.remote.http.W3CHttpResponseCodec.createException(W3CHttpResponseCodec.java:187)
	at org.openqa.selenium.remote.http.W3CHttpResponseCodec.decode(W3CHttpResponseCodec.java:122)
	at org.openqa.selenium.remote.http.W3CHttpResponseCodec.decode(W3CHttpResponseCodec.java:49)
	at org.openqa.selenium.remote.HttpCommandExecutor.execute(HttpCommandExecutor.java:158)
	at org.openqa.selenium.remote.service.DriverCommandExecutor.execute(DriverCommandExecutor.java:83)
	at org.openqa.selenium.remote.RemoteWebDriver.execute(RemoteWebDriver.java:552)
	at org.openqa.selenium.remote.RemoteWebElement.execute(RemoteWebElement.java:285)
	at org.openqa.selenium.remote.RemoteWebElement.click(RemoteWebElement.java:84)
	at pages.SelectPriceOption.fillInPriceOptionDataForm(SelectPriceOption.java:29)
	at pages.Caller.user_select_Price_Option_and_Check(Caller.java:57)
	at ✽.And user select Price Option and Check(Test.feature:8)

</error>
        <testcase name="Given Tricentis site is opened" classname="Scenario: Fill all forms and it shows the email message in the end." time="0.001"/>
        <testcase name="When user fill in Enter Vehicle Data Form" classname="Scenario: Fill all forms and it shows the email message in the end." time="0.0"/>
        <testcase name="And user fill in Enter Insurant Data Form" classname="Scenario: Fill all forms and it shows the email message in the end." time="0.0"/>
        <testcase name="And user fill in Enter Product Data Form" classname="Scenario: Fill all forms and it shows the email message in the end." time="0.001"/>
        <testcase name="And user select Price Option and Check" classname="Scenario: Fill all forms and it shows the email message in the end." time="0.011">
          <error>org.openqa.selenium.ElementNotInteractableException: element not interactable
  (Session info: chrome=92.0.4515.107)
Build info: version: '3.141.59', revision: 'e82be7d358', time: '2018-11-14T08:17:03'
System info: host: 'MacBook-de-Edgar-Webster.local', ip: '192.168.0.2', os.name: 'Mac OS X', os.arch: 'x86_64', os.version: '10.13.6', java.version: '1.8.0_151'
Driver info: org.openqa.selenium.chrome.ChromeDriver
Capabilities {acceptInsecureCerts: false, browserName: chrome, browserVersion: 92.0.4515.107, chrome: {chromedriverVersion: 92.0.4515.43 (8c61b7e2989f2..., userDataDir: /var/folders/n8/_l48t3px5xg...}, goog:chromeOptions: {debuggerAddress: localhost:50204}, javascriptEnabled: true, networkConnectionEnabled: false, pageLoadStrategy: normal, platform: MAC, platformName: MAC, proxy: Proxy(), setWindowRect: true, strictFileInteractability: false, timeouts: {implicit: 0, pageLoad: 300000, script: 30000}, unhandledPromptBehavior: dismiss and notify, webauthn:extension:credBlob: true, webauthn:extension:largeBlob: true, webauthn:virtualAuthenticators: true}
Session ID: 5eb31d8efd1bf893028ade8416e19498
	at sun.reflect.NativeConstructorAccessorImpl.newInstance0(Native Method)
	at sun.reflect.NativeConstructorAccessorImpl.newInstance(NativeConstructorAccessorImpl.java:62)
	at sun.reflect.DelegatingConstructorAccessorImpl.newInstance(DelegatingConstructorAccessorImpl.java:45)
	at java.lang.reflect.Constructor.newInstance(Constructor.java:423)
	at org.openqa.selenium.remote.http.W3CHttpResponseCodec.createException(W3CHttpResponseCodec.java:187)
	at org.openqa.selenium.remote.http.W3CHttpResponseCodec.decode(W3CHttpResponseCodec.java:122)
	at org.openqa.selenium.remote.http.W3CHttpResponseCodec.decode(W3CHttpResponseCodec.java:49)
	at org.openqa.selenium.remote.HttpCommandExecutor.execute(HttpCommandExecutor.java:158)
	at org.openqa.selenium.remote.service.DriverCommandExecutor.execute(DriverCommandExecutor.java:83)
	at org.openqa.selenium.remote.RemoteWebDriver.execute(RemoteWebDriver.java:552)
	at org.openqa.selenium.remote.RemoteWebElement.execute(RemoteWebElement.java:285)
	at org.openqa.selenium.remote.RemoteWebElement.click(RemoteWebElement.java:84)
	at pages.SelectPriceOption.fillInPriceOptionDataForm(SelectPriceOption.java:29)
	at pages.Caller.user_select_Price_Option_and_Check(Caller.java:57)
	at ✽.And user select Price Option and Check(Test.feature:8)

</error>
        </testcase>
        <testcase name="And user fill information and Send Quote" classname="Scenario: Fill all forms and it shows the email message in the end." time="0.001" ignored="true"/>
        <testcase name="Then a sending e-mail success message is shown" classname="Scenario: Fill all forms and it shows the email message in the end." time="0.0" ignored="true"/>
      </testsuite>
    </testsuite>
  </testsuite>
</testrun>
